Loading environment cabt failed: dlopen(/Users/97jiyu/Downloads/Orbit/.venv/lib/python3.14/site-packages/kaggle_environments/envs/cabt/cg/libcg.so, 0x0006): tried: '/Users/97jiyu/Downloads/Orbit/.venv/lib/python3.14/site-packages/kaggle_environments/envs/cabt/cg/libcg.so' (slice is not valid mach-o file), '/System/Volumes/Preboot/Cryptexes/OS/Users/97jiyu/Downloads/Orbit/.venv/lib/python3.14/site-packages/kaggle_environments/envs/cabt/cg/libcg.so' (no such file), '/Users/97jiyu/Downloads/Orbit/.venv/lib/python3.14/site-packages/kaggle_environments/envs/cabt/cg/libcg.so' (slice is not valid mach-o file)
Probe matrix v1: 5 seeds, actTimeout=999.0

============================================================
Cell: hybrid_frontier  seeds=5  rollout_opponent=frontier
============================================================
  [hybrid_frontier] game 1/5 seed=1000 ...
  [hybrid_frontier] seed=1000 done  invalid=0  duration_s=381.0
  [hybrid_frontier] game 2/5 seed=1001 ...
  [hybrid_frontier] seed=1001 done  invalid=0  duration_s=52.2
  [hybrid_frontier] game 3/5 seed=1002 ...
  [hybrid_frontier] seed=1002 done  invalid=0  duration_s=94.8
  [hybrid_frontier] game 4/5 seed=1003 ...
  [hybrid_frontier] seed=1003 done  invalid=0  duration_s=58.6
  [hybrid_frontier] game 5/5 seed=1004 ...
  [hybrid_frontier] seed=1004 done  invalid=0  duration_s=92.4

=== hybrid_frontier ===
  P0 (hybrid_main.py): winrate=20.0%  avg_ships=5852  avg_planets=6.6
  P1 (submission_v2.py): winrate=0.0%  avg_ships=1664  avg_planets=1.4
  completed=5/5  invalid_episodes=0  timeout_events=0  invalid_events=0
  draws=80.0%  avg_game_s=135.8

--- regret (hybrid_frontier, horizon=8) ---
  n=10  avg_ship_diff=0.00  hybrid_worse_rate=0.0%
  same_decision_rate=100.0%  decision_reversal_rate=0.0%  reversal|diverged=0.0%
  override_precision=0.0%  override_recall=0.0%  reversal_severity=0.0 ships
  divergence_sample same_decision=100.0% (n=10)
  by_bucket (read order: neutral_capture, aggressive_expansion, comet_chase):
    neutral_capture: n=10  worse=0%  avg_ship_diff=0.0  reversal=0%  reversal|div=0%
  decision_delta: 10 records (0 diverged) -> /Users/97jiyu/Downloads/Orbit/probe_results/decision_delta_hybrid_frontier_v1.jsonl
  wrote /Users/97jiyu/Downloads/Orbit/probe_results/regret_report_hybrid_frontier_v1.json

Matrix report: /Users/97jiyu/Downloads/Orbit/probe_results/matrix_report_v1.json
