Loading environment cabt failed: dlopen(/Users/97jiyu/Downloads/Orbit/.venv/lib/python3.14/site-packages/kaggle_environments/envs/cabt/cg/libcg.so, 0x0006): tried: '/Users/97jiyu/Downloads/Orbit/.venv/lib/python3.14/site-packages/kaggle_environments/envs/cabt/cg/libcg.so' (slice is not valid mach-o file), '/System/Volumes/Preboot/Cryptexes/OS/Users/97jiyu/Downloads/Orbit/.venv/lib/python3.14/site-packages/kaggle_environments/envs/cabt/cg/libcg.so' (no such file), '/Users/97jiyu/Downloads/Orbit/.venv/lib/python3.14/site-packages/kaggle_environments/envs/cabt/cg/libcg.so' (slice is not valid mach-o file)
NEW agent: /Users/97jiyu/Downloads/Orbit/submission_ablation_v6_1.py
OLD agent: /Users/97jiyu/Downloads/Orbit/submission_v2.py
Plan: 0 1v1 games + 10 4P games
actTimeout: Kaggle (1.0s)

--- 4P FFA: 10 games (NEW vs 3x OLD) ---
  [  1/10] seed=2000 new_idx=0 rewards=[-1, -1, 1, -1] winner=OLD#2 time=268.4s
  [  2/10] seed=2001 new_idx=1 rewards=[1, 1, 1, 1] winner=TIE time=180.2s
  [  3/10] seed=2002 new_idx=2 rewards=[1, 1, 1, 1] winner=TIE time=191.3s
  [  4/10] seed=2003 new_idx=3 rewards=[1, 1, 1, 1] winner=TIE time=200.0s
  [  5/10] seed=2004 new_idx=0 rewards=[1, 1, 1, 1] winner=TIE time=179.7s
  [  6/10] seed=2005 new_idx=1 rewards=[1, 1, 1, 1] winner=TIE time=58.7s
  [  7/10] seed=2006 new_idx=2 rewards=[1, 1, 1, 1] winner=TIE time=60.3s
  [  8/10] seed=2007 new_idx=3 rewards=[1, 1, 1, 1] winner=TIE time=152.1s
  [  9/10] seed=2008 new_idx=0 rewards=[1, 1, 1, 1] winner=TIE time=215.0s
  [ 10/10] seed=2009 new_idx=1 rewards=[1, 1, 1, 1] winner=TIE time=144.8s

=== 4P FFA RESULTS ===
  games:       10
  wins:        0
  losses:      1
  ties:        9
  win rate:    0.0%
  avg time:    165.0s per game
  invalid:     0

========================================================
FINAL VERDICT
========================================================
    4P: 0.0% win rate  (0W/1L/9T)  -> REGRESSED

Thresholds: >55% win = IMPROVED, <45% win with losses = REGRESSED.
All ties = evenly matched in this matchup (not a regression).
